<?xml version="1.0" encoding="UTF-8"?>
<!-- Generated by org.testng.reporters.JUnitReportReporter -->
<testsuite hostname="ftw637-01" name="p04_mocks.Ex01BasicStubbingAndMocking" tests="2" failures="0" timestamp="4 Apr 2016 13:24:26 GMT" time="0.005" errors="0">
  <testcase name="shouldCopyDataFromSourceToDestination_bdd" time="0.003" classname="p04_mocks.Ex01BasicStubbingAndMocking"/>
  <testcase name="shouldCopyDataFromSourceToDestination" time="0.002" classname="p04_mocks.Ex01BasicStubbingAndMocking"/>
</testsuite> <!-- p04_mocks.Ex01BasicStubbingAndMocking -->
