<?xml version="1.0" encoding="UTF-8"?>
<!-- Generated by org.testng.reporters.JUnitReportReporter -->
<testsuite hostname="ftw637-01" name="p02_assertions.Ex02SoftAssertions" tests="2" failures="0" timestamp="30 Mar 2016 06:51:55 GMT" time="0.373" errors="0">
  <testcase name="shouldSoftlyMatchWithTddToolkitApi" time="0.114" classname="p02_assertions.Ex02SoftAssertions"/>
  <testcase name="shouldSoftlyMatchWithJAssertApi" time="0.259" classname="p02_assertions.Ex02SoftAssertions"/>
</testsuite> <!-- p02_assertions.Ex02SoftAssertions -->
