<?xml version="1.0" encoding="UTF-8"?>
<!-- Generated by org.testng.reporters.JUnitReportReporter -->
<testsuite hostname="ftw637-01" name="p04_mocks.Ex03ThrowingExceptionsFromMocks" tests="2" failures="0" timestamp="4 Apr 2016 13:24:26 GMT" time="0.199" errors="0">
  <testcase name="shouldThrowExceptionWhenSavingToDestinationThrowsException" time="0.009" classname="p04_mocks.Ex03ThrowingExceptionsFromMocks"/>
  <testcase name="shouldThrowExceptionWhenReadingFromSourceThrowsException" time="0.190" classname="p04_mocks.Ex03ThrowingExceptionsFromMocks"/>
</testsuite> <!-- p04_mocks.Ex03ThrowingExceptionsFromMocks -->
