<?xml version="1.0" encoding="UTF-8"?>
<!-- Generated by org.testng.reporters.JUnitReportReporter -->
<testsuite hostname="ftw637-01" name="p04_mockito.Ex03ThrowingExceptionsFromMocks" tests="2" failures="0" timestamp="1 Apr 2016 13:24:20 GMT" time="0.010" errors="0">
  <testcase name="shouldThrowExceptionWhenSavingToDestinationThrowsException" time="0.003" classname="p04_mockito.Ex03ThrowingExceptionsFromMocks"/>
  <testcase name="shouldThrowExceptionWhenReadingFromSourceThrowsException" time="0.007" classname="p04_mockito.Ex03ThrowingExceptionsFromMocks"/>
</testsuite> <!-- p04_mockito.Ex03ThrowingExceptionsFromMocks -->
