<?xml version="1.0" encoding="UTF-8"?>
<!-- Generated by org.testng.reporters.JUnitReportReporter -->
<testsuite hostname="ftw637-01" name="p04_mocks.Ex05ZeroInteractions" tests="1" failures="0" timestamp="4 Apr 2016 13:24:28 GMT" time="0.005" errors="0">
  <testcase name="shouldDoNothingWhenExecuted" time="0.005" classname="p04_mocks.Ex05ZeroInteractions"/>
</testsuite> <!-- p04_mocks.Ex05ZeroInteractions -->
