<?xml version="1.0" encoding="UTF-8"?>
<!-- Generated by org.testng.reporters.JUnitReportReporter -->
<testsuite hostname="ftw637-01" name="p02_assertions.Ex02SoftAssertions" tests="2" failures="0" timestamp="31 Mar 2016 13:22:40 GMT" time="0.173" errors="0">
  <testcase name="shouldSoftlyMatchWithJAssertApi" time="0.135" classname="p02_assertions.Ex02SoftAssertions"/>
  <testcase name="shouldSoftlyMatchWithTddToolkitApi" time="0.038" classname="p02_assertions.Ex02SoftAssertions"/>
</testsuite> <!-- p02_assertions.Ex02SoftAssertions -->
