<?xml version="1.0" encoding="UTF-8"?>
<!-- Generated by org.testng.reporters.JUnitReportReporter -->
<testsuite hostname="ftw637-01" name="p04_mockito.Ex05ZeroInteractions" tests="1" failures="0" timestamp="1 Apr 2016 13:26:07 GMT" time="0.136" errors="0">
  <testcase name="shouldDoNothingWhenExecuted" time="0.136" classname="p04_mockito.Ex05ZeroInteractions"/>
</testsuite> <!-- p04_mockito.Ex05ZeroInteractions -->
