<?xml version="1.0" encoding="UTF-8"?>
<!-- Generated by org.testng.reporters.JUnitReportReporter -->
<testsuite hostname="ftw637-01" name="p04_mocks.Ex01BasicStubbingAndMocking" tests="2" failures="0" timestamp="11 Apr 2016 08:06:20 GMT" time="0.004" errors="0">
  <testcase name="shouldCopyDataFromSourceToDestination_bdd" time="0.003" classname="p04_mocks.Ex01BasicStubbingAndMocking"/>
  <testcase name="shouldCopyDataFromSourceToDestination" time="0.001" classname="p04_mocks.Ex01BasicStubbingAndMocking"/>
</testsuite> <!-- p04_mocks.Ex01BasicStubbingAndMocking -->
