<?xml version="1.0" encoding="UTF-8"?>
<!-- Generated by org.testng.reporters.JUnitReportReporter -->
<testsuite hostname="ftw637-01" name="p02_assertions.Ex01AssertThat" tests="3" failures="0" timestamp="11 Apr 2016 09:59:56 GMT" time="0.054" errors="0">
  <testcase name="shouldBeAdult" time="0.051" classname="p02_assertions.Ex01AssertThat"/>
  <testcase name="shouldBeAdultWithLinkedAssertions" time="0.001" classname="p02_assertions.Ex01AssertThat"/>
  <testcase name="shouldBeAdultUsingExtensionPoints" time="0.002" classname="p02_assertions.Ex01AssertThat"/>
</testsuite> <!-- p02_assertions.Ex01AssertThat -->
