<?xml version="1.0" encoding="UTF-8"?>
<!-- Generated by org.testng.reporters.JUnitReportReporter -->
<testsuite hostname="ftw637-01" name="p01_core_runner.Ex03ParameterizedTests" tests="2" failures="0" timestamp="5 Apr 2016 07:30:19 GMT" time="0.000" errors="0">
  <testcase name="testPrimeNumberChecker" time="0.000" classname="p01_core_runner.Ex03ParameterizedTests"/>
  <testcase name="testPrimeNumberChecker" time="0.000" classname="p01_core_runner.Ex03ParameterizedTests"/>
</testsuite> <!-- p01_core_runner.Ex03ParameterizedTests -->
