<?xml version="1.0" encoding="UTF-8"?>
<!-- Generated by org.testng.reporters.JUnitReportReporter -->
<testsuite hostname="ftw637-01" name="p04_mockito.Ex01BasicStubbingAndMocking" tests="2" failures="0" timestamp="31 Mar 2016 13:22:41 GMT" time="0.004" errors="0">
  <testcase name="shouldCopyDataFromSourceToDestination" time="0.002" classname="p04_mockito.Ex01BasicStubbingAndMocking"/>
  <testcase name="shouldCopyDataFromSourceToDestination_bdd" time="0.002" classname="p04_mockito.Ex01BasicStubbingAndMocking"/>
</testsuite> <!-- p04_mockito.Ex01BasicStubbingAndMocking -->
