<?xml version="1.0" encoding="UTF-8"?>
<!-- Generated by org.testng.reporters.JUnitReportReporter -->
<testsuite hostname="ftw637-01" name="p04_mockito.Ex03ThrowingExceptionsFromMocks" tests="2" failures="0" timestamp="31 Mar 2016 13:48:22 GMT" time="0.347" errors="0">
  <testcase name="shouldThrowExceptionWhenReadingFromSourceThrowsException" time="0.342" classname="p04_mockito.Ex03ThrowingExceptionsFromMocks"/>
  <testcase name="shouldThrowExceptionWhenSavingToDestinationThrowsException" time="0.005" classname="p04_mockito.Ex03ThrowingExceptionsFromMocks"/>
</testsuite> <!-- p04_mockito.Ex03ThrowingExceptionsFromMocks -->
