<?xml version="1.0" encoding="UTF-8"?>
<!-- Generated by org.testng.reporters.JUnitReportReporter -->
<testsuite hostname="ftw637-01" name="p04_mockito.Ex04NoInteractions" tests="3" failures="0" timestamp="1 Apr 2016 13:19:41 GMT" time="0.156" errors="0">
  <testcase name="shouldTranslateRobberyCommandToRobberyIncident" time="0.001" classname="p04_mockito.Ex04NoInteractions"/>
  <testcase name="shouldTranslateIncidentCommandToIncidentDiscovery" time="0.155" classname="p04_mockito.Ex04NoInteractions"/>
  <testcase name="shouldTranslateShootingCommandToShootingIncident" time="0.000" classname="p04_mockito.Ex04NoInteractions"/>
</testsuite> <!-- p04_mockito.Ex04NoInteractions -->
