<?xml version="1.0" encoding="UTF-8"?>
<!-- Generated by org.testng.reporters.JUnitReportReporter -->
<testsuite hostname="ftw637-01" name="p04_mockito.Ex02MultipleReturnsAndOrderVerification" tests="2" failures="0" timestamp="31 Mar 2016 13:22:39 GMT" time="0.124" errors="0">
  <testcase name="shouldCopyDataFromSourceToDestinationMultipleTimes" time="0.123" classname="p04_mockito.Ex02MultipleReturnsAndOrderVerification"/>
  <testcase name="shouldReturnMultipleDataElements" time="0.001" classname="p04_mockito.Ex02MultipleReturnsAndOrderVerification"/>
</testsuite> <!-- p04_mockito.Ex02MultipleReturnsAndOrderVerification -->
