<?xml version="1.0" encoding="UTF-8"?>
<!-- Generated by org.testng.reporters.JUnitReportReporter -->
<testsuite hostname="ftw637-01" name="p02_assertions.Ex03ExceptionAssertions" tests="2" failures="0" timestamp="30 Mar 2016 06:51:56 GMT" time="0.006" errors="0">
  <testcase name="ShouldShowThrownAssertions" time="0.002" classname="p02_assertions.Ex03ExceptionAssertions"/>
  <testcase name="ShouldShowNotThrownAssertions" time="0.004" classname="p02_assertions.Ex03ExceptionAssertions"/>
</testsuite> <!-- p02_assertions.Ex03ExceptionAssertions -->
