<?xml version="1.0" encoding="UTF-8"?>
<!-- Generated by org.testng.reporters.JUnitReportReporter -->
<testsuite hostname="ftw637-01" name="Ex02CategoriesGroups" tests="2" failures="0" timestamp="29 Mar 2016 12:14:07 GMT" time="0.008" errors="0">
  <testcase name="shouldDoWhatever" time="0.008" classname="Ex02CategoriesGroups"/>
  <testcase name="shouldDoWhatever2" time="0.000" classname="Ex02CategoriesGroups"/>
</testsuite> <!-- Ex02CategoriesGroups -->
