<?xml version="1.0" encoding="UTF-8"?>
<!-- Generated by org.testng.reporters.JUnitReportReporter -->
<testsuite hostname="ftw637-01" name="p04_mockito.Ex04NoFurtherInteractions" tests="3" failures="0" timestamp="1 Apr 2016 13:24:11 GMT" time="0.008" errors="0">
  <testcase name="shouldTranslateRobberyCommandToRobberyIncident" time="0.000" classname="p04_mockito.Ex04NoFurtherInteractions"/>
  <testcase name="shouldTranslateShootingCommandToShootingIncident" time="0.000" classname="p04_mockito.Ex04NoFurtherInteractions"/>
  <testcase name="shouldTranslateIncidentCommandToIncidentDiscovery" time="0.008" classname="p04_mockito.Ex04NoFurtherInteractions"/>
</testsuite> <!-- p04_mockito.Ex04NoFurtherInteractions -->
