<?xml version="1.0" encoding="UTF-8"?>
<!-- Generated by org.testng.reporters.JUnitReportReporter -->
<testsuite hostname="ftw637-01" name="p02_assertions.Ex01AssertThat" tests="3" failures="0" timestamp="1 Apr 2016 13:32:27 GMT" time="0.008" errors="0">
  <testcase name="shouldBeAdult1" time="0.003" classname="p02_assertions.Ex01AssertThat"/>
  <testcase name="shouldBeAdultWithLinkedAssertions" time="0.001" classname="p02_assertions.Ex01AssertThat"/>
  <testcase name="shouldBeAdultUsingExtensionPoints" time="0.004" classname="p02_assertions.Ex01AssertThat"/>
</testsuite> <!-- p02_assertions.Ex01AssertThat -->
