<?xml version="1.0" encoding="UTF-8"?>
<!-- Generated by org.testng.reporters.JUnitReportReporter -->
<testsuite hostname="ftw637-01" name="p02_assertions.Ex03ExceptionAssertions" tests="2" failures="0" timestamp="1 Apr 2016 13:32:30 GMT" time="0.002" errors="0">
  <testcase name="ShouldShowNotThrownAssertions" time="0.001" classname="p02_assertions.Ex03ExceptionAssertions"/>
  <testcase name="ShouldShowThrownAssertions" time="0.001" classname="p02_assertions.Ex03ExceptionAssertions"/>
</testsuite> <!-- p02_assertions.Ex03ExceptionAssertions -->
