<?xml version="1.0" encoding="UTF-8"?>
<!-- Generated by org.testng.reporters.JUnitReportReporter -->
<testsuite hostname="ftw637-01" name="p04_mockito.Ex02MultipleReturnsAndOrderVerification" tests="2" failures="0" timestamp="1 Apr 2016 13:24:19 GMT" time="0.007" errors="0">
  <testcase name="shouldReturnMultipleDataElements" time="0.001" classname="p04_mockito.Ex02MultipleReturnsAndOrderVerification"/>
  <testcase name="shouldCopyDataFromSourceToDestinationMultipleTimes" time="0.006" classname="p04_mockito.Ex02MultipleReturnsAndOrderVerification"/>
</testsuite> <!-- p04_mockito.Ex02MultipleReturnsAndOrderVerification -->
