<?xml version="1.0" encoding="UTF-8"?>
<!-- Generated by org.testng.reporters.JUnitReportReporter -->
<testsuite hostname="ftw637-01" name="p04_mockito.Ex02MultipleReturns" tests="2" failures="0" timestamp="31 Mar 2016 13:22:31 GMT" time="0.399" errors="0">
  <testcase name="shouldCopyDataFromSourceToDestinationMultipleTimes" time="0.367" classname="p04_mockito.Ex02MultipleReturns"/>
  <testcase name="shouldReturnMultipleDataElements" time="0.032" classname="p04_mockito.Ex02MultipleReturns"/>
</testsuite> <!-- p04_mockito.Ex02MultipleReturns -->
