<?xml version="1.0" encoding="UTF-8"?>
<!-- Generated by org.testng.reporters.JUnitReportReporter -->
<testsuite hostname="ftw637-01" name="Ex03ParameterizedTests" tests="2" failures="0" timestamp="29 Mar 2016 12:14:29 GMT" time="0.007" errors="0">
  <testcase name="testPrimeNumberChecker" time="0.000" classname="Ex03ParameterizedTests"/>
  <testcase name="testPrimeNumberChecker" time="0.007" classname="Ex03ParameterizedTests"/>
</testsuite> <!-- Ex03ParameterizedTests -->
