<?xml version="1.0" encoding="UTF-8"?>
<!-- Generated by org.testng.reporters.JUnitReportReporter -->
<testsuite hostname="ftw637-01" name="p04_mocks.Ex02MultipleReturnsAndOrderVerification" tests="2" failures="0" timestamp="5 Apr 2016 07:30:17 GMT" time="0.013" errors="0">
  <testcase name="shouldCopyDataFromSourceToDestinationMultipleTimes" time="0.012" classname="p04_mocks.Ex02MultipleReturnsAndOrderVerification"/>
  <testcase name="shouldReturnMultipleDataElements" time="0.001" classname="p04_mocks.Ex02MultipleReturnsAndOrderVerification"/>
</testsuite> <!-- p04_mocks.Ex02MultipleReturnsAndOrderVerification -->
