<?xml version="1.0" encoding="UTF-8"?>
<!-- Generated by org.testng.reporters.JUnitReportReporter -->
<testsuite hostname="ftw637-01" name="p01_core_runner.Ex01RememberingDataBetweenTests" tests="2" failures="0" timestamp="11 Apr 2016 08:06:21 GMT" time="0.000" errors="0">
  <testcase name="shouldAlsoIncrementANumberOneTime" time="0.000" classname="p01_core_runner.Ex01RememberingDataBetweenTests"/>
  <testcase name="shouldIncrementANumberOneTime" time="0.000" classname="p01_core_runner.Ex01RememberingDataBetweenTests"/>
</testsuite> <!-- p01_core_runner.Ex01RememberingDataBetweenTests -->
