<?xml version="1.0" encoding="UTF-8"?>
<!-- Generated by org.testng.reporters.JUnitReportReporter -->
<testsuite hostname="ftw637-01" name="p04_mocks.Ex02MultipleReturnsAndOrderVerification" tests="2" failures="0" timestamp="1 Apr 2016 13:32:28 GMT" time="0.010" errors="0">
  <testcase name="shouldCopyDataFromSourceToDestinationMultipleTimes" time="0.009" classname="p04_mocks.Ex02MultipleReturnsAndOrderVerification"/>
  <testcase name="shouldReturnMultipleDataElements" time="0.001" classname="p04_mocks.Ex02MultipleReturnsAndOrderVerification"/>
</testsuite> <!-- p04_mocks.Ex02MultipleReturnsAndOrderVerification -->
