<?xml version="1.0" encoding="UTF-8"?>
<!-- Generated by org.testng.reporters.JUnitReportReporter -->
<testsuite hostname="ftw637-01" name="p01_core_runner.Ex02CategoriesGroups" tests="2" failures="0" timestamp="5 Apr 2016 07:30:16 GMT" time="0.003" errors="0">
  <testcase name="shouldDoWhatever2" time="0.001" classname="p01_core_runner.Ex02CategoriesGroups"/>
  <testcase name="shouldDoWhatever" time="0.002" classname="p01_core_runner.Ex02CategoriesGroups"/>
</testsuite> <!-- p01_core_runner.Ex02CategoriesGroups -->
