<?xml version="1.0" encoding="UTF-8"?>
<!-- Generated by org.testng.reporters.JUnitReportReporter -->
<testsuite hostname="ftw637-01" name="p04_mocks.Ex04NoMoreInteractions" tests="3" failures="0" timestamp="4 Apr 2016 13:24:28 GMT" time="0.006" errors="0">
  <testcase name="shouldTranslateRobberyCommandToRobberyReport" time="0.001" classname="p04_mocks.Ex04NoMoreInteractions"/>
  <testcase name="shouldTranslateShootingCommandToShootingReport" time="0.000" classname="p04_mocks.Ex04NoMoreInteractions"/>
  <testcase name="shouldTranslateIncidentCommandToIncidentReport" time="0.005" classname="p04_mocks.Ex04NoMoreInteractions"/>
</testsuite> <!-- p04_mocks.Ex04NoMoreInteractions -->
