<?xml version="1.0" encoding="UTF-8"?>
<!-- Generated by org.testng.reporters.JUnitReportReporter -->
<testsuite hostname="ftw637-01" name="p04_mocks.Ex06MockingRealClasses" tests="1" failures="0" timestamp="11 Apr 2016 08:06:20 GMT" time="0.004" errors="0">
  <testcase name="shouldCreateMockOfRealClasses" time="0.004" classname="p04_mocks.Ex06MockingRealClasses"/>
</testsuite> <!-- p04_mocks.Ex06MockingRealClasses -->
