<?xml version="1.0" encoding="UTF-8"?>
<!-- Generated by org.testng.reporters.JUnitReportReporter -->
<testsuite hostname="ftw637-01" name="p02_assertions.Ex03ExceptionAssertions" tests="2" failures="0" timestamp="29 Mar 2016 13:06:57 GMT" time="0.129" errors="0">
  <testcase name="ShouldShowThrownAssertions" time="0.001" classname="p02_assertions.Ex03ExceptionAssertions"/>
  <testcase name="ShouldShowNotThrownAssertions" time="0.128" classname="p02_assertions.Ex03ExceptionAssertions"/>
</testsuite> <!-- p02_assertions.Ex03ExceptionAssertions -->
