<?xml version="1.0" encoding="UTF-8"?>
<!-- Generated by org.testng.reporters.JUnitReportReporter -->
<testsuite hostname="ftw637-01" name="p04_mocks.Ex03ThrowingExceptionsFromMocks" tests="2" failures="0" timestamp="11 Apr 2016 08:06:19 GMT" time="0.152" errors="0">
  <testcase name="shouldThrowExceptionWhenReadingFromSourceThrowsException" time="0.147" classname="p04_mocks.Ex03ThrowingExceptionsFromMocks"/>
  <testcase name="shouldThrowExceptionWhenSavingToDestinationThrowsException" time="0.005" classname="p04_mocks.Ex03ThrowingExceptionsFromMocks"/>
</testsuite> <!-- p04_mocks.Ex03ThrowingExceptionsFromMocks -->
