<?xml version="1.0" encoding="UTF-8"?>
<!-- Generated by org.testng.reporters.JUnitReportReporter -->
<testsuite hostname="ftw637-01" name="p03_any.Ex02GenericAny" tests="1" failures="0" timestamp="1 Apr 2016 13:32:29 GMT" time="0.006" errors="0">
  <testcase name="shouldCreateGenericInstances" time="0.006" classname="p03_any.Ex02GenericAny"/>
</testsuite> <!-- p03_any.Ex02GenericAny -->
