<?xml version="1.0" encoding="UTF-8"?>
<!-- Generated by org.testng.reporters.JUnitReportReporter -->
<testsuite hostname="ftw637-01" name="p02_assertions.Ex02SoftAssertions" tests="2" failures="0" timestamp="11 Apr 2016 08:06:22 GMT" time="0.179" errors="0">
  <testcase name="shouldSoftlyMatchWithJAssertApi" time="0.141" classname="p02_assertions.Ex02SoftAssertions"/>
  <testcase name="shouldSoftlyMatchWithTddToolkitApi" time="0.038" classname="p02_assertions.Ex02SoftAssertions"/>
</testsuite> <!-- p02_assertions.Ex02SoftAssertions -->
