<?xml version="1.0" encoding="UTF-8"?>
<!-- Generated by org.testng.reporters.JUnitReportReporter -->
<testsuite hostname="ftw637-01" name="p04_mockito.Ex04NoMoreInteractions" tests="3" failures="0" timestamp="1 Apr 2016 13:31:29 GMT" time="0.156" errors="0">
  <testcase name="shouldTranslateRobberyCommandToRobberyReport" time="0.000" classname="p04_mockito.Ex04NoMoreInteractions"/>
  <testcase name="shouldTranslateIncidentCommandToIncidentReport" time="0.156" classname="p04_mockito.Ex04NoMoreInteractions"/>
  <testcase name="shouldTranslateShootingCommandToShootingReport" time="0.000" classname="p04_mockito.Ex04NoMoreInteractions"/>
</testsuite> <!-- p04_mockito.Ex04NoMoreInteractions -->
