<?xml version="1.0" encoding="UTF-8"?>
<!-- Generated by org.testng.reporters.JUnitReportReporter -->
<testsuite hostname="ftw637-01" name="p01_core_runner.Ex04RepeatedTests" tests="1" failures="0" timestamp="1 Apr 2016 13:32:30 GMT" time="0.000" errors="0">
  <testcase name="shouldBeGreaterThan10" time="0.000" classname="p01_core_runner.Ex04RepeatedTests"/>
</testsuite> <!-- p01_core_runner.Ex04RepeatedTests -->
