<?xml version="1.0" encoding="UTF-8"?>
<!-- Generated by org.testng.reporters.JUnitReportReporter -->
<testsuite hostname="ftw637-01" name="p01_core_runner.Ex02CategoriesGroups" tests="2" failures="0" timestamp="1 Apr 2016 13:32:28 GMT" time="0.002" errors="0">
  <testcase name="shouldDoWhatever2" time="0.000" classname="p01_core_runner.Ex02CategoriesGroups"/>
  <testcase name="shouldDoWhatever" time="0.002" classname="p01_core_runner.Ex02CategoriesGroups"/>
</testsuite> <!-- p01_core_runner.Ex02CategoriesGroups -->
