<?xml version="1.0" encoding="UTF-8"?>
<!-- Generated by org.testng.reporters.JUnitReportReporter -->
<testsuite hostname="ftw637-01" name="p03_any.Ex01PrimitiveTypesAndCollections" tests="5" failures="0" timestamp="31 Mar 2016 13:22:38 GMT" time="0.306" errors="1">
  <testcase name="collections" time="0.132" classname="p03_any.Ex01PrimitiveTypesAndCollections"/>
  <testcase name="plainConstrainedGenerators" time="0.010" classname="p03_any.Ex01PrimitiveTypesAndCollections"/>
  <testcase name="plainGenerators" time="0.056" classname="p03_any.Ex01PrimitiveTypesAndCollections"/>
  <testcase name="constrainedGenerators" time="0.060" classname="p03_any.Ex01PrimitiveTypesAndCollections">
    <error type="java.lang.ClassCastException" message="[Ljava.lang.Object; cannot be cast to [Ljava.lang.Integer;">
      <![CDATA[java.lang.ClassCastException: [Ljava.lang.Object; cannot be cast to [Ljava.lang.Integer;
	at p03_any.Ex01PrimitiveTypesAndCollections.constrainedGenerators(Ex01PrimitiveTypesAndCollections.java:77)
	at sun.reflect.NativeMethodAccessorImpl.invoke0(Native Method)
	at sun.reflect.NativeMethodAccessorImpl.invoke(NativeMethodAccessorImpl.java:62)
	at sun.reflect.DelegatingMethodAccessorImpl.invoke(DelegatingMethodAccessorImpl.java:43)
	at java.lang.reflect.Method.invoke(Method.java:497)
	at org.testng.internal.MethodInvocationHelper.invokeMethod(MethodInvocationHelper.java:86)
	at org.testng.internal.Invoker.invokeMethod(Invoker.java:643)
	at org.testng.internal.Invoker.invokeTestMethod(Invoker.java:820)
	at org.testng.internal.Invoker.invokeTestMethods(Invoker.java:1128)
	at org.testng.internal.TestMethodWorker.invokeTestMethods(TestMethodWorker.java:129)
	at org.testng.internal.TestMethodWorker.run(TestMethodWorker.java:112)
	at org.testng.TestRunner.privateRun(TestRunner.java:782)
	at org.testng.TestRunner.run(TestRunner.java:632)
	at org.testng.SuiteRunner.runTest(SuiteRunner.java:366)
	at org.testng.SuiteRunner.runSequentially(SuiteRunner.java:361)
	at org.testng.SuiteRunner.privateRun(SuiteRunner.java:319)
	at org.testng.SuiteRunner.run(SuiteRunner.java:268)
	at org.testng.SuiteRunnerWorker.runSuite(SuiteRunnerWorker.java:52)
	at org.testng.SuiteRunnerWorker.run(SuiteRunnerWorker.java:86)
	at org.testng.TestNG.runSuitesSequentially(TestNG.java:1244)
	at org.testng.TestNG.runSuitesLocally(TestNG.java:1169)
	at org.testng.TestNG.run(TestNG.java:1064)
	at org.infinitest.testrunner.JUnit4Runner.runTestNGTest(JUnit4Runner.java:83)
	at org.infinitest.testrunner.JUnit4Runner.runTest(JUnit4Runner.java:63)
	at org.infinitest.testrunner.TestRunnerProcess.runTest(TestRunnerProcess.java:70)
	at org.infinitest.testrunner.TestRunnerProcess.writeTestResultToOutputStream(TestRunnerProcess.java:112)
	at org.infinitest.testrunner.TestRunnerProcess.main(TestRunnerProcess.java:89)
]]>
    </error>
  </testcase> <!-- constrainedGenerators -->
  <testcase name="shouldReturnItsInputWhenItIsNotNull" time="0.048" classname="p03_any.Ex01PrimitiveTypesAndCollections"/>
</testsuite> <!-- p03_any.Ex01PrimitiveTypesAndCollections -->
