<?xml version="1.0" encoding="UTF-8"?>
<!-- Generated by org.testng.reporters.JUnitReportReporter -->
<testsuite hostname="ftw637-01" name="p03_any.Ex01PrimitiveTypesAndCollections" tests="5" failures="0" timestamp="11 Apr 2016 08:06:19 GMT" time="0.265" errors="0">
  <testcase name="plainConstrainedGenerators" time="0.012" classname="p03_any.Ex01PrimitiveTypesAndCollections"/>
  <testcase name="constrainedGenerators" time="0.010" classname="p03_any.Ex01PrimitiveTypesAndCollections"/>
  <testcase name="collections" time="0.131" classname="p03_any.Ex01PrimitiveTypesAndCollections"/>
  <testcase name="plainGenerators" time="0.061" classname="p03_any.Ex01PrimitiveTypesAndCollections"/>
  <testcase name="shouldReturnItsInputWhenItIsNotNull" time="0.051" classname="p03_any.Ex01PrimitiveTypesAndCollections"/>
</testsuite> <!-- p03_any.Ex01PrimitiveTypesAndCollections -->
