<?xml version="1.0" encoding="UTF-8"?>
<!-- Generated by org.testng.reporters.JUnitReportReporter -->
<testsuite hostname="ftw637-01" name="p02_assertions.Ex01AssertThat" tests="3" failures="0" timestamp="29 Mar 2016 12:48:46 GMT" time="0.076" errors="0">
  <testcase name="shouldBeAdultUsingExtensionPoints" time="0.004" classname="p02_assertions.Ex01AssertThat"/>
  <testcase name="shouldBeAdult1" time="0.070" classname="p02_assertions.Ex01AssertThat"/>
  <testcase name="shouldBeAdultWithLinkedAssertions" time="0.002" classname="p02_assertions.Ex01AssertThat"/>
</testsuite> <!-- p02_assertions.Ex01AssertThat -->
