<?xml version="1.0" encoding="UTF-8"?>
<testsuite name="GhostStateMachineSpecification" tests="1" skipped="0" failures="0" errors="0" timestamp="2015-12-25T21:13:21" hostname="Jerusalem" time="0.14">
  <properties/>
  <testcase name="shouldXyz" classname="GhostStateMachineSpecification" time="0.14"/>
  <system-out><![CDATA[]]></system-out>
  <system-err><![CDATA[]]></system-err>
</testsuite>
