<?xml version="1.0" encoding="UTF-8"?>
<testsuite name="CharacterizationTests" tests="1" skipped="0" failures="0" errors="0" timestamp="2015-06-22T07:14:28" hostname="ftw637-01" time="0.06">
  <properties/>
  <testcase name="should" classname="CharacterizationTests" time="0.06"/>
  <system-out><![CDATA[]]></system-out>
  <system-err><![CDATA[]]></system-err>
</testsuite>
